<?xml version="1.0" encoding="UTF-8"?>
<testng-results total="6" passed="6" failed="0" skipped="0">
  <reporter-output>
  </reporter-output>
  <suite started-at="2022-03-16T17:14:17Z" name="Suite" finished-at="2022-03-16T17:14:46Z" duration-ms="28488">
    <groups>
    </groups>
    <test started-at="2022-03-16T17:14:17Z" name="Test" finished-at="2022-03-16T17:14:46Z" duration-ms="28488">
      <class name="RestTesting.Trello">
        <test-method signature="createBoard()[pri:0, instance:RestTesting.Trello@14f9390f]" started-at="2022-03-16T22:44:17Z" name="createBoard" finished-at="2022-03-16T22:44:26Z" duration-ms="8754" status="PASS">
          <reporter-output>
          </reporter-output>
        </test-method> <!-- createBoard -->
        <test-method signature="getBoard()[pri:1, instance:RestTesting.Trello@14f9390f]" started-at="2022-03-16T22:44:40Z" name="getBoard" finished-at="2022-03-16T22:44:40Z" duration-ms="717" status="PASS">
          <reporter-output>
          </reporter-output>
        </test-method> <!-- getBoard -->
        <test-method signature="deleteBoard()[pri:2, instance:RestTesting.Trello@14f9390f]" started-at="2022-03-16T22:44:40Z" name="deleteBoard" finished-at="2022-03-16T22:44:41Z" duration-ms="868" status="PASS">
          <reporter-output>
          </reporter-output>
        </test-method> <!-- deleteBoard -->
      </class> <!-- RestTesting.Trello -->
      <class name="RestTesting.E_commerce">
        <test-method signature="Login()[pri:1, instance:RestTesting.E_commerce@5a9f4771]" started-at="2022-03-16T22:44:26Z" name="Login" finished-at="2022-03-16T22:44:40Z" duration-ms="13420" status="PASS">
          <reporter-output>
          </reporter-output>
        </test-method> <!-- Login -->
        <test-method signature="getallusers()[pri:2, instance:RestTesting.E_commerce@5a9f4771]" started-at="2022-03-16T22:44:41Z" name="getallusers" finished-at="2022-03-16T22:44:44Z" depends-on-methods="RestTesting.E_commerce.Login" duration-ms="2892" status="PASS">
          <reporter-output>
          </reporter-output>
        </test-method> <!-- getallusers -->
        <test-method signature="delete()[pri:3, instance:RestTesting.E_commerce@5a9f4771]" started-at="2022-03-16T22:44:44Z" name="delete" finished-at="2022-03-16T22:44:46Z" depends-on-methods="RestTesting.E_commerce.getallusers" duration-ms="1779" status="PASS">
          <reporter-output>
          </reporter-output>
        </test-method> <!-- delete -->
      </class> <!-- RestTesting.E_commerce -->
    </test> <!-- Test -->
  </suite> <!-- Suite -->
</testng-results>
