<?xml version="1.0" encoding="UTF-8"?>
<!-- Generated by org.testng.reporters.JUnitXMLReporter -->
<testsuite hostname="DESKTOP-10G2ADP" failures="0" tests="6" name="Test" time="28.488" errors="0" timestamp="16 Mar 2022 17:14:46 GMT">
  <testcase classname="RestTesting.Trello" name="createBoard" time="8.754"/>
  <testcase classname="RestTesting.E_commerce" name="Login" time="13.42"/>
  <testcase classname="RestTesting.Trello" name="getBoard" time="0.717"/>
  <testcase classname="RestTesting.Trello" name="deleteBoard" time="0.868"/>
  <testcase classname="RestTesting.E_commerce" name="getallusers" time="2.892"/>
  <testcase classname="RestTesting.E_commerce" name="delete" time="1.779"/>
</testsuite> <!-- Test -->
