<?xml version="1.0" encoding="UTF-8"?>
<!-- Generated by org.testng.reporters.JUnitXMLReporter -->
<testsuite hostname="DESKTOP-10G2ADP" failures="0" tests="3" name="Default test" time="12.699" errors="0" timestamp="16 Mar 2022 09:59:55 GMT">
  <testcase classname="RestTesting.E_commerce" name="Login" time="7.977"/>
  <testcase classname="RestTesting.E_commerce" name="getallusers" time="2.989"/>
  <testcase classname="RestTesting.E_commerce" name="delete" time="1.691"/>
</testsuite> <!-- Default test -->
